<?xml version="1.0" encoding="UTF-8"?>
<coverage generated="1574427530473" clover="3.2.0">
  <project timestamp="1574427530473" name="All files">
    <metrics statements="231" coveredstatements="168" conditionals="93" coveredconditionals="58" methods="38" coveredmethods="23" elements="362" coveredelements="249" complexity="0" loc="231" ncloc="231" packages="1" files="10" classes="10"/>
    <file name="actionAuth.js" path="/Users/delton/AWI/awi-auth-back/src/actionAuth.js">
      <metrics statements="49" coveredstatements="10" conditionals="23" coveredconditionals="0" methods="9" coveredmethods="0"/>
      <line num="1" count="5" type="stmt"/>
      <line num="3" count="5" type="stmt"/>
      <line num="7" count="5" type="stmt"/>
      <line num="8" count="5" type="stmt"/>
      <line num="9" count="5" type="stmt"/>
      <line num="15" count="5" type="stmt"/>
      <line num="16" count="0" type="stmt"/>
      <line num="22" count="0" type="stmt"/>
      <line num="24" count="0" type="cond" truecount="0" falsecount="2"/>
      <line num="25" count="0" type="stmt"/>
      <line num="28" count="0" type="stmt"/>
      <line num="35" count="5" type="stmt"/>
      <line num="36" count="0" type="stmt"/>
      <line num="43" count="0" type="stmt"/>
      <line num="45" count="0" type="cond" truecount="0" falsecount="2"/>
      <line num="46" count="0" type="stmt"/>
      <line num="49" count="0" type="stmt"/>
      <line num="56" count="5" type="stmt"/>
      <line num="57" count="0" type="stmt"/>
      <line num="62" count="0" type="stmt"/>
      <line num="71" count="0" type="stmt"/>
      <line num="78" count="5" type="stmt"/>
      <line num="79" count="0" type="stmt"/>
      <line num="85" count="0" type="stmt"/>
      <line num="97" count="5" type="stmt"/>
      <line num="98" count="0" type="stmt"/>
      <line num="99" count="0" type="stmt"/>
      <line num="102" count="0" type="stmt"/>
      <line num="104" count="0" type="cond" truecount="0" falsecount="2"/>
      <line num="105" count="0" type="cond" truecount="0" falsecount="9"/>
      <line num="109" count="0" type="stmt"/>
      <line num="110" count="0" type="stmt"/>
      <line num="111" count="0" type="stmt"/>
      <line num="118" count="0" type="stmt"/>
      <line num="120" count="0" type="stmt"/>
      <line num="121" count="0" type="stmt"/>
      <line num="128" count="0" type="stmt"/>
      <line num="129" count="0" type="stmt"/>
      <line num="139" count="0" type="stmt"/>
      <line num="140" count="0" type="cond" truecount="0" falsecount="2"/>
      <line num="141" count="0" type="cond" truecount="0" falsecount="2"/>
      <line num="142" count="0" type="stmt"/>
      <line num="149" count="0" type="stmt"/>
      <line num="156" count="0" type="cond" truecount="0" falsecount="4"/>
      <line num="157" count="0" type="stmt"/>
      <line num="164" count="0" type="stmt"/>
      <line num="165" count="0" type="stmt"/>
      <line num="173" count="0" type="stmt"/>
      <line num="175" count="0" type="stmt"/>
    </file>
    <file name="app.js" path="/Users/delton/AWI/awi-auth-back/src/app.js">
      <metrics statements="32" coveredstatements="29" conditionals="4" coveredconditionals="2" methods="5" coveredmethods="4"/>
      <line num="1" count="5" type="stmt"/>
      <line num="2" count="5" type="stmt"/>
      <line num="3" count="5" type="stmt"/>
      <line num="4" count="5" type="stmt"/>
      <line num="5" count="5" type="stmt"/>
      <line num="7" count="5" type="stmt"/>
      <line num="8" count="5" type="stmt"/>
      <line num="9" count="5" type="stmt"/>
      <line num="12" count="5" type="stmt"/>
      <line num="16" count="5" type="cond" truecount="1" falsecount="1"/>
      <line num="17" count="0" type="stmt"/>
      <line num="20" count="5" type="cond" truecount="1" falsecount="1"/>
      <line num="21" count="5" type="stmt"/>
      <line num="27" count="5" type="stmt"/>
      <line num="28" count="5" type="stmt"/>
      <line num="31" count="5" type="stmt"/>
      <line num="32" count="5" type="stmt"/>
      <line num="37" count="5" type="stmt"/>
      <line num="38" count="1" type="stmt"/>
      <line num="44" count="5" type="stmt"/>
      <line num="45" count="20" type="stmt"/>
      <line num="46" count="24" type="stmt"/>
      <line num="48" count="5" type="stmt"/>
      <line num="49" count="5" type="stmt"/>
      <line num="50" count="5" type="stmt"/>
      <line num="51" count="5" type="stmt"/>
      <line num="53" count="5" type="stmt"/>
      <line num="54" count="5" type="stmt"/>
      <line num="60" count="5" type="stmt"/>
      <line num="61" count="0" type="stmt"/>
      <line num="63" count="0" type="stmt"/>
      <line num="69" count="5" type="stmt"/>
    </file>
    <file name="db.js" path="/Users/delton/AWI/awi-auth-back/src/db.js">
      <metrics statements="9" coveredstatements="7" conditionals="4" coveredconditionals="3" methods="1" coveredmethods="0"/>
      <line num="1" count="5" type="stmt"/>
      <line num="2" count="5" type="stmt"/>
      <line num="4" count="5" type="stmt"/>
      <line num="6" count="5" type="cond" truecount="3" falsecount="1"/>
      <line num="7" count="0" type="stmt"/>
      <line num="11" count="5" type="stmt"/>
      <line num="20" count="5" type="stmt"/>
      <line num="21" count="0" type="stmt"/>
      <line num="24" count="5" type="stmt"/>
    </file>
    <file name="errcode.js" path="/Users/delton/AWI/awi-auth-back/src/errcode.js">
      <metrics statements="1" coveredstatements="1" conditionals="0" coveredconditionals="0" methods="0" coveredmethods="0"/>
      <line num="2" count="9" type="stmt"/>
    </file>
    <file name="ldap.js" path="/Users/delton/AWI/awi-auth-back/src/ldap.js">
      <metrics statements="7" coveredstatements="6" conditionals="0" coveredconditionals="0" methods="1" coveredmethods="0"/>
      <line num="1" count="5" type="stmt"/>
      <line num="5" count="5" type="stmt"/>
      <line num="6" count="5" type="stmt"/>
      <line num="7" count="5" type="stmt"/>
      <line num="9" count="5" type="stmt"/>
      <line num="10" count="0" type="stmt"/>
      <line num="17" count="5" type="stmt"/>
    </file>
    <file name="logger.js" path="/Users/delton/AWI/awi-auth-back/src/logger.js">
      <metrics statements="15" coveredstatements="12" conditionals="6" coveredconditionals="4" methods="3" coveredmethods="2"/>
      <line num="5" count="5" type="stmt"/>
      <line num="11" count="5" type="stmt"/>
      <line num="13" count="5" type="stmt"/>
      <line num="18" count="30" type="stmt"/>
      <line num="26" count="5" type="stmt"/>
      <line num="31" count="0" type="stmt"/>
      <line num="40" count="5" type="stmt"/>
      <line num="41" count="5" type="cond" truecount="1" falsecount="1"/>
      <line num="42" count="0" type="stmt"/>
      <line num="43" count="5" type="cond" truecount="3" falsecount="1"/>
      <line num="44" count="0" type="stmt"/>
      <line num="46" count="5" type="stmt"/>
      <line num="49" count="5" type="stmt"/>
      <line num="51" count="30" type="stmt"/>
      <line num="55" count="5" type="stmt"/>
    </file>
    <file name="mockAuth.js" path="/Users/delton/AWI/awi-auth-back/src/mockAuth.js">
      <metrics statements="6" coveredstatements="2" conditionals="4" coveredconditionals="0" methods="2" coveredmethods="0"/>
      <line num="2" count="5" type="stmt"/>
      <line num="54" count="5" type="stmt"/>
      <line num="55" count="0" type="stmt"/>
      <line num="56" count="0" type="cond" truecount="0" falsecount="2"/>
      <line num="60" count="0" type="cond" truecount="0" falsecount="2"/>
      <line num="61" count="0" type="stmt"/>
    </file>
    <file name="routeAuth.js" path="/Users/delton/AWI/awi-auth-back/src/routeAuth.js">
      <metrics statements="83" coveredstatements="74" conditionals="48" coveredconditionals="47" methods="4" coveredmethods="4"/>
      <line num="1" count="5" type="stmt"/>
      <line num="3" count="5" type="stmt"/>
      <line num="5" count="5" type="stmt"/>
      <line num="10" count="5" type="stmt"/>
      <line num="21" count="5" type="stmt"/>
      <line num="22" count="6" type="stmt"/>
      <line num="23" count="6" type="stmt"/>
      <line num="24" count="6" type="stmt"/>
      <line num="26" count="6" type="cond" truecount="5" falsecount="0"/>
      <line num="27" count="1" type="stmt"/>
      <line num="35" count="5" type="stmt"/>
      <line num="37" count="5" type="cond" truecount="2" falsecount="0"/>
      <line num="38" count="2" type="stmt"/>
      <line num="45" count="3" type="stmt"/>
      <line num="48" count="3" type="stmt"/>
      <line num="52" count="3" type="stmt"/>
      <line num="54" count="3" type="stmt"/>
      <line num="55" count="3" type="stmt"/>
      <line num="56" count="3" type="stmt"/>
      <line num="58" count="1" type="stmt"/>
      <line num="65" count="2" type="cond" truecount="3" falsecount="1"/>
      <line num="66" count="0" type="stmt"/>
      <line num="76" count="2" type="cond" truecount="5" falsecount="0"/>
      <line num="82" count="2" type="cond" truecount="2" falsecount="0"/>
      <line num="83" count="1" type="stmt"/>
      <line num="92" count="1" type="stmt"/>
      <line num="98" count="1" type="stmt"/>
      <line num="114" count="5" type="stmt"/>
      <line num="115" count="9" type="stmt"/>
      <line num="116" count="9" type="stmt"/>
      <line num="117" count="9" type="stmt"/>
      <line num="119" count="9" type="cond" truecount="7" falsecount="0"/>
      <line num="121" count="1" type="stmt"/>
      <line num="129" count="8" type="stmt"/>
      <line num="131" count="8" type="cond" truecount="2" falsecount="0"/>
      <line num="132" count="2" type="stmt"/>
      <line num="138" count="6" type="stmt"/>
      <line num="141" count="6" type="stmt"/>
      <line num="143" count="6" type="cond" truecount="2" falsecount="0"/>
      <line num="145" count="5" type="cond" truecount="5" falsecount="0"/>
      <line num="147" count="1" type="stmt"/>
      <line num="151" count="0" type="stmt"/>
      <line num="153" count="1" type="stmt"/>
      <line num="157" count="0" type="stmt"/>
      <line num="159" count="1" type="stmt"/>
      <line num="163" count="0" type="stmt"/>
      <line num="165" count="1" type="stmt"/>
      <line num="169" count="0" type="stmt"/>
      <line num="171" count="1" type="stmt"/>
      <line num="175" count="0" type="stmt"/>
      <line num="179" count="1" type="stmt"/>
      <line num="200" count="5" type="stmt"/>
      <line num="201" count="5" type="stmt"/>
      <line num="202" count="5" type="stmt"/>
      <line num="204" count="5" type="cond" truecount="4" falsecount="0"/>
      <line num="205" count="1" type="stmt"/>
      <line num="213" count="4" type="stmt"/>
      <line num="215" count="4" type="cond" truecount="2" falsecount="0"/>
      <line num="216" count="2" type="stmt"/>
      <line num="222" count="2" type="stmt"/>
      <line num="225" count="2" type="stmt"/>
      <line num="227" count="2" type="cond" truecount="2" falsecount="0"/>
      <line num="228" count="1" type="stmt"/>
      <line num="234" count="1" type="stmt"/>
      <line num="240" count="1" type="stmt"/>
      <line num="242" count="1" type="stmt"/>
      <line num="244" count="1" type="stmt"/>
      <line num="253" count="5" type="stmt"/>
      <line num="254" count="4" type="stmt"/>
      <line num="255" count="4" type="stmt"/>
      <line num="257" count="4" type="cond" truecount="4" falsecount="0"/>
      <line num="258" count="1" type="stmt"/>
      <line num="266" count="3" type="stmt"/>
      <line num="268" count="3" type="cond" truecount="2" falsecount="0"/>
      <line num="269" count="2" type="stmt"/>
      <line num="275" count="1" type="stmt"/>
      <line num="277" count="1" type="stmt"/>
      <line num="279" count="1" type="stmt"/>
      <line num="280" count="1" type="stmt"/>
      <line num="283" count="1" type="stmt"/>
      <line num="289" count="0" type="stmt"/>
      <line num="298" count="0" type="stmt"/>
      <line num="300" count="0" type="stmt"/>
    </file>
    <file name="token.js" path="/Users/delton/AWI/awi-auth-back/src/token.js">
      <metrics statements="21" coveredstatements="19" conditionals="4" coveredconditionals="2" methods="9" coveredmethods="9"/>
      <line num="1" count="5" type="stmt"/>
      <line num="16" count="5" type="stmt"/>
      <line num="23" count="2" type="stmt"/>
      <line num="24" count="2" type="stmt"/>
      <line num="25" count="2" type="cond" truecount="1" falsecount="1"/>
      <line num="26" count="0" type="stmt"/>
      <line num="29" count="2" type="stmt"/>
      <line num="38" count="5" type="stmt"/>
      <line num="39" count="1" type="stmt"/>
      <line num="40" count="1" type="stmt"/>
      <line num="44" count="1" type="cond" truecount="1" falsecount="1"/>
      <line num="45" count="1" type="stmt"/>
      <line num="48" count="0" type="stmt"/>
      <line num="56" count="5" type="stmt"/>
      <line num="57" count="1" type="stmt"/>
      <line num="63" count="1" type="stmt"/>
      <line num="69" count="5" type="stmt"/>
      <line num="70" count="1" type="stmt"/>
      <line num="76" count="1" type="stmt"/>
      <line num="82" count="5" type="stmt"/>
      <line num="83" count="1" type="stmt"/>
    </file>
    <file name="util.js" path="/Users/delton/AWI/awi-auth-back/src/util.js">
      <metrics statements="8" coveredstatements="8" conditionals="0" coveredconditionals="0" methods="4" coveredmethods="4"/>
      <line num="7" count="9" type="stmt"/>
      <line num="8" count="15" type="stmt"/>
      <line num="11" count="9" type="stmt"/>
      <line num="12" count="5" type="stmt"/>
      <line num="15" count="9" type="stmt"/>
      <line num="16" count="10" type="stmt"/>
      <line num="19" count="9" type="stmt"/>
      <line num="20" count="5" type="stmt"/>
    </file>
  </project>
</coverage>
