{"/Users/delton/AWI/awi-auth-back/src/actionAuth.js": {"path":"/Users/delton/AWI/awi-auth-back/src/actionAuth.js","statementMap":{"0":{"start":{"line":1,"column":13},"end":{"line":1,"column":28}},"1":{"start":{"line":3,"column":16},"end":{"line":3,"column":36}},"2":{"start":{"line":7,"column":4},"end":{"line":7,"column":21}},"3":{"start":{"line":8,"column":19},"end":{"line":8,"column":40}},"4":{"start":{"line":9,"column":11},"end":{"line":9,"column":26}},"5":{"start":{"line":15,"column":0},"end":{"line":29,"column":1}},"6":{"start":{"line":16,"column":14},"end":{"line":20,"column":3}},"7":{"start":{"line":22,"column":4},"end":{"line":22,"column":35}},"8":{"start":{"line":24,"column":2},"end":{"line":26,"column":3}},"9":{"start":{"line":25,"column":4},"end":{"line":25,"column":18}},"10":{"start":{"line":28,"column":2},"end":{"line":28,"column":13}},"11":{"start":{"line":35,"column":0},"end":{"line":50,"column":1}},"12":{"start":{"line":36,"column":14},"end":{"line":40,"column":3}},"13":{"start":{"line":43,"column":4},"end":{"line":43,"column":44}},"14":{"start":{"line":45,"column":2},"end":{"line":47,"column":3}},"15":{"start":{"line":46,"column":4},"end":{"line":46,"column":18}},"16":{"start":{"line":49,"column":2},"end":{"line":49,"column":13}},"17":{"start":{"line":56,"column":0},"end":{"line":72,"column":1}},"18":{"start":{"line":57,"column":14},"end":{"line":60,"column":3}},"19":{"start":{"line":62,"column":15},"end":{"line":69,"column":3}},"20":{"start":{"line":71,"column":2},"end":{"line":71,"column":28}},"21":{"start":{"line":78,"column":0},"end":{"line":86,"column":1}},"22":{"start":{"line":79,"column":14},"end":{"line":83,"column":3}},"23":{"start":{"line":85,"column":2},"end":{"line":85,"column":43}},"24":{"start":{"line":97,"column":0},"end":{"line":181,"column":1}},"25":{"start":{"line":98,"column":2},"end":{"line":180,"column":4}},"26":{"start":{"line":99,"column":4},"end":{"line":99,"column":37}},"27":{"start":{"line":102,"column":6},"end":{"line":102,"column":36}},"28":{"start":{"line":104,"column":4},"end":{"line":116,"column":5}},"29":{"start":{"line":105,"column":6},"end":{"line":115,"column":7}},"30":{"start":{"line":109,"column":21},"end":{"line":109,"column":30}},"31":{"start":{"line":110,"column":8},"end":{"line":110,"column":54}},"32":{"start":{"line":111,"column":8},"end":{"line":114,"column":10}},"33":{"start":{"line":118,"column":19},"end":{"line":118,"column":37}},"34":{"start":{"line":120,"column":4},"end":{"line":126,"column":6}},"35":{"start":{"line":121,"column":6},"end":{"line":125,"column":8}},"36":{"start":{"line":128,"column":4},"end":{"line":134,"column":6}},"37":{"start":{"line":129,"column":6},"end":{"line":133,"column":8}},"38":{"start":{"line":139,"column":4},"end":{"line":179,"column":6}},"39":{"start":{"line":140,"column":6},"end":{"line":154,"column":7}},"40":{"start":{"line":141,"column":8},"end":{"line":147,"column":9}},"41":{"start":{"line":142,"column":10},"end":{"line":146,"column":12}},"42":{"start":{"line":149,"column":8},"end":{"line":153,"column":10}},"43":{"start":{"line":156,"column":6},"end":{"line":162,"column":7}},"44":{"start":{"line":157,"column":8},"end":{"line":161,"column":10}},"45":{"start":{"line":164,"column":19},"end":{"line":164,"column":28}},"46":{"start":{"line":165,"column":19},"end":{"line":171,"column":7}},"47":{"start":{"line":173,"column":6},"end":{"line":173,"column":46}},"48":{"start":{"line":175,"column":6},"end":{"line":178,"column":8}}},"fnMap":{"0":{"name":"(anonymous_0)","decl":{"start":{"line":15,"column":24},"end":{"line":15,"column":25}},"loc":{"start":{"line":15,"column":44},"end":{"line":29,"column":1}},"line":15},"1":{"name":"(anonymous_1)","decl":{"start":{"line":35,"column":28},"end":{"line":35,"column":29}},"loc":{"start":{"line":35,"column":57},"end":{"line":50,"column":1}},"line":35},"2":{"name":"(anonymous_2)","decl":{"start":{"line":56,"column":28},"end":{"line":56,"column":29}},"loc":{"start":{"line":56,"column":44},"end":{"line":72,"column":1}},"line":56},"3":{"name":"(anonymous_3)","decl":{"start":{"line":78,"column":30},"end":{"line":78,"column":31}},"loc":{"start":{"line":78,"column":53},"end":{"line":86,"column":1}},"line":78},"4":{"name":"(anonymous_4)","decl":{"start":{"line":97,"column":15},"end":{"line":97,"column":16}},"loc":{"start":{"line":97,"column":52},"end":{"line":181,"column":1}},"line":97},"5":{"name":"(anonymous_5)","decl":{"start":{"line":98,"column":22},"end":{"line":98,"column":23}},"loc":{"start":{"line":98,"column":49},"end":{"line":180,"column":3}},"line":98},"6":{"name":"(anonymous_6)","decl":{"start":{"line":120,"column":23},"end":{"line":120,"column":24}},"loc":{"start":{"line":120,"column":32},"end":{"line":126,"column":5}},"line":120},"7":{"name":"(anonymous_7)","decl":{"start":{"line":128,"column":32},"end":{"line":128,"column":33}},"loc":{"start":{"line":128,"column":41},"end":{"line":134,"column":5}},"line":128},"8":{"name":"(anonymous_8)","decl":{"start":{"line":139,"column":52},"end":{"line":139,"column":53}},"loc":{"start":{"line":139,"column":67},"end":{"line":179,"column":5}},"line":139}},"branchMap":{"0":{"loc":{"start":{"line":24,"column":2},"end":{"line":26,"column":3}},"type":"if","locations":[{"start":{"line":24,"column":2},"end":{"line":26,"column":3}},{"start":{"line":24,"column":2},"end":{"line":26,"column":3}}],"line":24},"1":{"loc":{"start":{"line":45,"column":2},"end":{"line":47,"column":3}},"type":"if","locations":[{"start":{"line":45,"column":2},"end":{"line":47,"column":3}},{"start":{"line":45,"column":2},"end":{"line":47,"column":3}}],"line":45},"2":{"loc":{"start":{"line":104,"column":4},"end":{"line":116,"column":5}},"type":"if","locations":[{"start":{"line":104,"column":4},"end":{"line":116,"column":5}},{"start":{"line":104,"column":4},"end":{"line":116,"column":5}}],"line":104},"3":{"loc":{"start":{"line":105,"column":6},"end":{"line":115,"column":7}},"type":"if","locations":[{"start":{"line":105,"column":6},"end":{"line":115,"column":7}},{"start":{"line":105,"column":6},"end":{"line":115,"column":7}}],"line":105},"4":{"loc":{"start":{"line":105,"column":10},"end":{"line":108,"column":56}},"type":"binary-expr","locations":[{"start":{"line":105,"column":11},"end":{"line":105,"column":27}},{"start":{"line":106,"column":9},"end":{"line":106,"column":25}},{"start":{"line":106,"column":29},"end":{"line":106,"column":57}},{"start":{"line":107,"column":9},"end":{"line":107,"column":25}},{"start":{"line":107,"column":29},"end":{"line":107,"column":57}},{"start":{"line":108,"column":9},"end":{"line":108,"column":25}},{"start":{"line":108,"column":29},"end":{"line":108,"column":55}}],"line":105},"5":{"loc":{"start":{"line":140,"column":6},"end":{"line":154,"column":7}},"type":"if","locations":[{"start":{"line":140,"column":6},"end":{"line":154,"column":7}},{"start":{"line":140,"column":6},"end":{"line":154,"column":7}}],"line":140},"6":{"loc":{"start":{"line":141,"column":8},"end":{"line":147,"column":9}},"type":"if","locations":[{"start":{"line":141,"column":8},"end":{"line":147,"column":9}},{"start":{"line":141,"column":8},"end":{"line":147,"column":9}}],"line":141},"7":{"loc":{"start":{"line":156,"column":6},"end":{"line":162,"column":7}},"type":"if","locations":[{"start":{"line":156,"column":6},"end":{"line":162,"column":7}},{"start":{"line":156,"column":6},"end":{"line":162,"column":7}}],"line":156},"8":{"loc":{"start":{"line":156,"column":10},"end":{"line":156,"column":46}},"type":"binary-expr","locations":[{"start":{"line":156,"column":10},"end":{"line":156,"column":26}},{"start":{"line":156,"column":30},"end":{"line":156,"column":46}}],"line":156}},"s":{"0":5,"1":5,"2":5,"3":5,"4":5,"5":5,"6":0,"7":0,"8":0,"9":0,"10":0,"11":5,"12":0,"13":0,"14":0,"15":0,"16":0,"17":5,"18":0,"19":0,"20":0,"21":5,"22":0,"23":0,"24":5,"25":0,"26":0,"27":0,"28":0,"29":0,"30":0,"31":0,"32":0,"33":0,"34":0,"35":0,"36":0,"37":0,"38":0,"39":0,"40":0,"41":0,"42":0,"43":0,"44":0,"45":0,"46":0,"47":0,"48":0},"f":{"0":0,"1":0,"2":0,"3":0,"4":0,"5":0,"6":0,"7":0,"8":0},"b":{"0":[0,0],"1":[0,0],"2":[0,0],"3":[0,0],"4":[0,0,0,0,0,0,0],"5":[0,0],"6":[0,0],"7":[0,0],"8":[0,0]},"_coverageSchema":"43e27e138ebf9cfc5966b082cf9a028302ed4184","hash":"823025937848d9434c7ca3d266f8ebd644f1e330"}
,"/Users/delton/AWI/awi-auth-back/src/app.js": {"path":"/Users/delton/AWI/awi-auth-back/src/app.js","statementMap":{"0":{"start":{"line":1,"column":16},"end":{"line":1,"column":34}},"1":{"start":{"line":2,"column":12},"end":{"line":2,"column":21}},"2":{"start":{"line":3,"column":13},"end":{"line":3,"column":28}},"3":{"start":{"line":4,"column":15},"end":{"line":4,"column":32}},"4":{"start":{"line":5,"column":19},"end":{"line":5,"column":41}},"5":{"start":{"line":7,"column":33},"end":{"line":7,"column":50}},"6":{"start":{"line":8,"column":15},"end":{"line":8,"column":34}},"7":{"start":{"line":9,"column":13},"end":{"line":9,"column":35}},"8":{"start":{"line":12,"column":0},"end":{"line":12,"column":27}},"9":{"start":{"line":16,"column":0},"end":{"line":24,"column":1}},"10":{"start":{"line":17,"column":2},"end":{"line":19,"column":5}},"11":{"start":{"line":20,"column":7},"end":{"line":24,"column":1}},"12":{"start":{"line":21,"column":2},"end":{"line":23,"column":5}},"13":{"start":{"line":27,"column":0},"end":{"line":27,"column":15}},"14":{"start":{"line":28,"column":0},"end":{"line":28,"column":24}},"15":{"start":{"line":31,"column":0},"end":{"line":31,"column":26}},"16":{"start":{"line":32,"column":0},"end":{"line":34,"column":3}},"17":{"start":{"line":37,"column":0},"end":{"line":42,"column":2}},"18":{"start":{"line":38,"column":2},"end":{"line":41,"column":4}},"19":{"start":{"line":44,"column":15},"end":{"line":46,"column":48}},"20":{"start":{"line":45,"column":2},"end":{"line":46,"column":48}},"21":{"start":{"line":46,"column":4},"end":{"line":46,"column":48}},"22":{"start":{"line":48,"column":0},"end":{"line":48,"column":45}},"23":{"start":{"line":49,"column":0},"end":{"line":49,"column":36}},"24":{"start":{"line":50,"column":0},"end":{"line":50,"column":38}},"25":{"start":{"line":51,"column":0},"end":{"line":51,"column":42}},"26":{"start":{"line":53,"column":0},"end":{"line":58,"column":2}},"27":{"start":{"line":54,"column":2},"end":{"line":57,"column":4}},"28":{"start":{"line":60,"column":0},"end":{"line":67,"column":2}},"29":{"start":{"line":61,"column":2},"end":{"line":61,"column":25}},"30":{"start":{"line":63,"column":2},"end":{"line":66,"column":4}},"31":{"start":{"line":69,"column":0},"end":{"line":69,"column":20}}},"fnMap":{"0":{"name":"(anonymous_0)","decl":{"start":{"line":37,"column":13},"end":{"line":37,"column":14}},"loc":{"start":{"line":37,"column":27},"end":{"line":42,"column":1}},"line":37},"1":{"name":"(anonymous_1)","decl":{"start":{"line":44,"column":15},"end":{"line":44,"column":16}},"loc":{"start":{"line":45,"column":2},"end":{"line":46,"column":48}},"line":45},"2":{"name":"(anonymous_2)","decl":{"start":{"line":45,"column":2},"end":{"line":45,"column":3}},"loc":{"start":{"line":46,"column":4},"end":{"line":46,"column":48}},"line":46},"3":{"name":"(anonymous_3)","decl":{"start":{"line":53,"column":8},"end":{"line":53,"column":9}},"loc":{"start":{"line":53,"column":28},"end":{"line":58,"column":1}},"line":53},"4":{"name":"(anonymous_4)","decl":{"start":{"line":60,"column":8},"end":{"line":60,"column":9}},"loc":{"start":{"line":60,"column":33},"end":{"line":67,"column":1}},"line":60}},"branchMap":{"0":{"loc":{"start":{"line":16,"column":0},"end":{"line":24,"column":1}},"type":"if","locations":[{"start":{"line":16,"column":0},"end":{"line":24,"column":1}},{"start":{"line":16,"column":0},"end":{"line":24,"column":1}}],"line":16},"1":{"loc":{"start":{"line":20,"column":7},"end":{"line":24,"column":1}},"type":"if","locations":[{"start":{"line":20,"column":7},"end":{"line":24,"column":1}},{"start":{"line":20,"column":7},"end":{"line":24,"column":1}}],"line":20}},"s":{"0":5,"1":5,"2":5,"3":5,"4":5,"5":5,"6":5,"7":5,"8":5,"9":5,"10":0,"11":5,"12":5,"13":5,"14":5,"15":5,"16":5,"17":5,"18":1,"19":5,"20":20,"21":24,"22":5,"23":5,"24":5,"25":5,"26":5,"27":5,"28":5,"29":0,"30":0,"31":5},"f":{"0":1,"1":20,"2":24,"3":5,"4":0},"b":{"0":[0,5],"1":[5,0]},"_coverageSchema":"43e27e138ebf9cfc5966b082cf9a028302ed4184","hash":"ef51dbfb1aa5856120bb72d33d6c5671985f451b"}
,"/Users/delton/AWI/awi-auth-back/src/db.js": {"path":"/Users/delton/AWI/awi-auth-back/src/db.js","statementMap":{"0":{"start":{"line":1,"column":13},"end":{"line":1,"column":31}},"1":{"start":{"line":2,"column":40},"end":{"line":2,"column":57}},"2":{"start":{"line":4,"column":11},"end":{"line":4,"column":15}},"3":{"start":{"line":6,"column":0},"end":{"line":18,"column":1}},"4":{"start":{"line":7,"column":2},"end":{"line":9,"column":4}},"5":{"start":{"line":11,"column":2},"end":{"line":17,"column":4}},"6":{"start":{"line":20,"column":0},"end":{"line":22,"column":2}},"7":{"start":{"line":21,"column":2},"end":{"line":21,"column":63}},"8":{"start":{"line":24,"column":0},"end":{"line":24,"column":21}}},"fnMap":{"0":{"name":"(anonymous_0)","decl":{"start":{"line":20,"column":17},"end":{"line":20,"column":18}},"loc":{"start":{"line":20,"column":34},"end":{"line":22,"column":1}},"line":20}},"branchMap":{"0":{"loc":{"start":{"line":6,"column":0},"end":{"line":18,"column":1}},"type":"if","locations":[{"start":{"line":6,"column":0},"end":{"line":18,"column":1}},{"start":{"line":6,"column":0},"end":{"line":18,"column":1}}],"line":6},"1":{"loc":{"start":{"line":6,"column":4},"end":{"line":6,"column":37}},"type":"binary-expr","locations":[{"start":{"line":6,"column":4},"end":{"line":6,"column":18}},{"start":{"line":6,"column":22},"end":{"line":6,"column":37}}],"line":6}},"s":{"0":5,"1":5,"2":5,"3":5,"4":0,"5":5,"6":5,"7":0,"8":5},"f":{"0":0},"b":{"0":[0,5],"1":[5,5]},"_coverageSchema":"43e27e138ebf9cfc5966b082cf9a028302ed4184","hash":"a877f9aa10d4435c2f9354f9469b2afbdce5a00f"}
,"/Users/delton/AWI/awi-auth-back/src/errcode.js": {"path":"/Users/delton/AWI/awi-auth-back/src/errcode.js","statementMap":{"0":{"start":{"line":2,"column":0},"end":{"line":9,"column":1}}},"fnMap":{},"branchMap":{},"s":{"0":9},"f":{},"b":{},"_coverageSchema":"43e27e138ebf9cfc5966b082cf9a028302ed4184","hash":"9701f28b07f73c55b27af94b6aa558545925291d"}
,"/Users/delton/AWI/awi-auth-back/src/ldap.js": {"path":"/Users/delton/AWI/awi-auth-back/src/ldap.js","statementMap":{"0":{"start":{"line":1,"column":13},"end":{"line":1,"column":30}},"1":{"start":{"line":5,"column":17},"end":{"line":5,"column":38}},"2":{"start":{"line":6,"column":17},"end":{"line":6,"column":20}},"3":{"start":{"line":7,"column":12},"end":{"line":7,"column":37}},"4":{"start":{"line":9,"column":0},"end":{"line":15,"column":1}},"5":{"start":{"line":10,"column":2},"end":{"line":14,"column":4}},"6":{"start":{"line":17,"column":0},"end":{"line":17,"column":19}}},"fnMap":{"0":{"name":"(anonymous_0)","decl":{"start":{"line":9,"column":27},"end":{"line":9,"column":28}},"loc":{"start":{"line":9,"column":33},"end":{"line":15,"column":1}},"line":9}},"branchMap":{},"s":{"0":5,"1":5,"2":5,"3":5,"4":5,"5":0,"6":5},"f":{"0":0},"b":{},"_coverageSchema":"43e27e138ebf9cfc5966b082cf9a028302ed4184","hash":"ca4ecd958ac1d56a0595b798371cf5295e9151ba"}
,"/Users/delton/AWI/awi-auth-back/src/logger.js": {"path":"/Users/delton/AWI/awi-auth-back/src/logger.js","statementMap":{"0":{"start":{"line":5,"column":4},"end":{"line":5,"column":22}},"1":{"start":{"line":11,"column":4},"end":{"line":11,"column":21}},"2":{"start":{"line":13,"column":18},"end":{"line":24,"column":2}},"3":{"start":{"line":18,"column":6},"end":{"line":18,"column":46}},"4":{"start":{"line":26,"column":19},"end":{"line":38,"column":2}},"5":{"start":{"line":31,"column":6},"end":{"line":31,"column":64}},"6":{"start":{"line":40,"column":13},"end":{"line":40,"column":17}},"7":{"start":{"line":41,"column":0},"end":{"line":47,"column":1}},"8":{"start":{"line":42,"column":2},"end":{"line":42,"column":20}},"9":{"start":{"line":43,"column":7},"end":{"line":47,"column":1}},"10":{"start":{"line":44,"column":2},"end":{"line":44,"column":21}},"11":{"start":{"line":46,"column":2},"end":{"line":46,"column":20}},"12":{"start":{"line":49,"column":0},"end":{"line":53,"column":1}},"13":{"start":{"line":51,"column":4},"end":{"line":51,"column":32}},"14":{"start":{"line":55,"column":0},"end":{"line":55,"column":23}}},"fnMap":{"0":{"name":"(anonymous_0)","decl":{"start":{"line":17,"column":18},"end":{"line":17,"column":19}},"loc":{"start":{"line":17,"column":26},"end":{"line":19,"column":5}},"line":17},"1":{"name":"(anonymous_1)","decl":{"start":{"line":30,"column":18},"end":{"line":30,"column":19}},"loc":{"start":{"line":30,"column":26},"end":{"line":32,"column":5}},"line":30},"2":{"name":"(anonymous_2)","decl":{"start":{"line":50,"column":9},"end":{"line":50,"column":10}},"loc":{"start":{"line":50,"column":32},"end":{"line":52,"column":3}},"line":50}},"branchMap":{"0":{"loc":{"start":{"line":41,"column":0},"end":{"line":47,"column":1}},"type":"if","locations":[{"start":{"line":41,"column":0},"end":{"line":47,"column":1}},{"start":{"line":41,"column":0},"end":{"line":47,"column":1}}],"line":41},"1":{"loc":{"start":{"line":43,"column":7},"end":{"line":47,"column":1}},"type":"if","locations":[{"start":{"line":43,"column":7},"end":{"line":47,"column":1}},{"start":{"line":43,"column":7},"end":{"line":47,"column":1}}],"line":43},"2":{"loc":{"start":{"line":43,"column":11},"end":{"line":43,"column":44}},"type":"binary-expr","locations":[{"start":{"line":43,"column":11},"end":{"line":43,"column":25}},{"start":{"line":43,"column":29},"end":{"line":43,"column":44}}],"line":43}},"s":{"0":5,"1":5,"2":5,"3":30,"4":5,"5":0,"6":5,"7":5,"8":0,"9":5,"10":0,"11":5,"12":5,"13":30,"14":5},"f":{"0":30,"1":0,"2":30},"b":{"0":[0,5],"1":[0,5],"2":[5,5]},"_coverageSchema":"43e27e138ebf9cfc5966b082cf9a028302ed4184","hash":"c26ca6e5b68e005e11bfd0048c233b59776b93ee"}
,"/Users/delton/AWI/awi-auth-back/src/mockAuth.js": {"path":"/Users/delton/AWI/awi-auth-back/src/mockAuth.js","statementMap":{"0":{"start":{"line":2,"column":14},"end":{"line":52,"column":1}},"1":{"start":{"line":54,"column":0},"end":{"line":62,"column":1}},"2":{"start":{"line":55,"column":15},"end":{"line":58,"column":4}},"3":{"start":{"line":56,"column":4},"end":{"line":57,"column":32}},"4":{"start":{"line":60,"column":2},"end":{"line":61,"column":19}},"5":{"start":{"line":60,"column":12},"end":{"line":60,"column":26}},"6":{"start":{"line":61,"column":7},"end":{"line":61,"column":19}}},"fnMap":{"0":{"name":"(anonymous_0)","decl":{"start":{"line":54,"column":17},"end":{"line":54,"column":18}},"loc":{"start":{"line":54,"column":41},"end":{"line":62,"column":1}},"line":54},"1":{"name":"(anonymous_1)","decl":{"start":{"line":55,"column":28},"end":{"line":55,"column":29}},"loc":{"start":{"line":55,"column":38},"end":{"line":58,"column":3}},"line":55}},"branchMap":{"0":{"loc":{"start":{"line":56,"column":11},"end":{"line":57,"column":32}},"type":"binary-expr","locations":[{"start":{"line":56,"column":11},"end":{"line":56,"column":37}},{"start":{"line":57,"column":6},"end":{"line":57,"column":32}}],"line":56},"1":{"loc":{"start":{"line":60,"column":2},"end":{"line":61,"column":19}},"type":"if","locations":[{"start":{"line":60,"column":2},"end":{"line":61,"column":19}},{"start":{"line":60,"column":2},"end":{"line":61,"column":19}}],"line":60}},"s":{"0":5,"1":5,"2":0,"3":0,"4":0,"5":0,"6":0},"f":{"0":0,"1":0},"b":{"0":[0,0],"1":[0,0]},"_coverageSchema":"43e27e138ebf9cfc5966b082cf9a028302ed4184","hash":"fb201433a02a04be10fee3d4c6e381a7dd48b908"}
,"/Users/delton/AWI/awi-auth-back/src/routeAuth.js": {"path":"/Users/delton/AWI/awi-auth-back/src/routeAuth.js","statementMap":{"0":{"start":{"line":1,"column":12},"end":{"line":1,"column":30}},"1":{"start":{"line":3,"column":13},"end":{"line":3,"column":36}},"2":{"start":{"line":5,"column":16},"end":{"line":5,"column":36}},"3":{"start":{"line":10,"column":4},"end":{"line":10,"column":22}},"4":{"start":{"line":21,"column":0},"end":{"line":99,"column":1}},"5":{"start":{"line":22,"column":19},"end":{"line":22,"column":38}},"6":{"start":{"line":23,"column":22},"end":{"line":23,"column":44}},"7":{"start":{"line":24,"column":16},"end":{"line":24,"column":31}},"8":{"start":{"line":26,"column":2},"end":{"line":32,"column":3}},"9":{"start":{"line":27,"column":4},"end":{"line":31,"column":6}},"10":{"start":{"line":35,"column":4},"end":{"line":35,"column":38}},"11":{"start":{"line":37,"column":2},"end":{"line":42,"column":3}},"12":{"start":{"line":38,"column":4},"end":{"line":41,"column":6}},"13":{"start":{"line":45,"column":4},"end":{"line":45,"column":30}},"14":{"start":{"line":48,"column":4},"end":{"line":48,"column":34}},"15":{"start":{"line":52,"column":21},"end":{"line":52,"column":52}},"16":{"start":{"line":54,"column":17},"end":{"line":54,"column":21}},"17":{"start":{"line":55,"column":2},"end":{"line":63,"column":3}},"18":{"start":{"line":56,"column":4},"end":{"line":56,"column":43}},"19":{"start":{"line":58,"column":4},"end":{"line":62,"column":6}},"20":{"start":{"line":65,"column":2},"end":{"line":70,"column":3}},"21":{"start":{"line":66,"column":4},"end":{"line":69,"column":6}},"22":{"start":{"line":76,"column":4},"end":{"line":80,"column":38}},"23":{"start":{"line":82,"column":2},"end":{"line":88,"column":3}},"24":{"start":{"line":83,"column":4},"end":{"line":87,"column":6}},"25":{"start":{"line":92,"column":14},"end":{"line":96,"column":26}},"26":{"start":{"line":98,"column":2},"end":{"line":98,"column":31}},"27":{"start":{"line":114,"column":0},"end":{"line":182,"column":1}},"28":{"start":{"line":115,"column":19},"end":{"line":115,"column":37}},"29":{"start":{"line":116,"column":19},"end":{"line":116,"column":36}},"30":{"start":{"line":117,"column":19},"end":{"line":117,"column":36}},"31":{"start":{"line":119,"column":2},"end":{"line":126,"column":3}},"32":{"start":{"line":121,"column":4},"end":{"line":125,"column":6}},"33":{"start":{"line":129,"column":4},"end":{"line":129,"column":38}},"34":{"start":{"line":131,"column":2},"end":{"line":136,"column":3}},"35":{"start":{"line":132,"column":4},"end":{"line":135,"column":6}},"36":{"start":{"line":138,"column":22},"end":{"line":138,"column":47}},"37":{"start":{"line":141,"column":6},"end":{"line":141,"column":54}},"38":{"start":{"line":143,"column":2},"end":{"line":177,"column":3}},"39":{"start":{"line":145,"column":4},"end":{"line":176,"column":5}},"40":{"start":{"line":147,"column":8},"end":{"line":150,"column":10}},"41":{"start":{"line":151,"column":8},"end":{"line":151,"column":13}},"42":{"start":{"line":153,"column":8},"end":{"line":156,"column":10}},"43":{"start":{"line":157,"column":8},"end":{"line":157,"column":13}},"44":{"start":{"line":159,"column":8},"end":{"line":162,"column":10}},"45":{"start":{"line":163,"column":8},"end":{"line":163,"column":13}},"46":{"start":{"line":165,"column":8},"end":{"line":168,"column":10}},"47":{"start":{"line":169,"column":8},"end":{"line":169,"column":13}},"48":{"start":{"line":171,"column":8},"end":{"line":174,"column":10}},"49":{"start":{"line":175,"column":8},"end":{"line":175,"column":13}},"50":{"start":{"line":179,"column":2},"end":{"line":181,"column":4}},"51":{"start":{"line":200,"column":0},"end":{"line":248,"column":1}},"52":{"start":{"line":201,"column":19},"end":{"line":201,"column":37}},"53":{"start":{"line":202,"column":28},"end":{"line":202,"column":41}},"54":{"start":{"line":204,"column":2},"end":{"line":210,"column":3}},"55":{"start":{"line":205,"column":4},"end":{"line":209,"column":6}},"56":{"start":{"line":213,"column":4},"end":{"line":213,"column":38}},"57":{"start":{"line":215,"column":2},"end":{"line":220,"column":3}},"58":{"start":{"line":216,"column":4},"end":{"line":219,"column":6}},"59":{"start":{"line":222,"column":23},"end":{"line":222,"column":43}},"60":{"start":{"line":225,"column":4},"end":{"line":225,"column":51}},"61":{"start":{"line":227,"column":2},"end":{"line":232,"column":3}},"62":{"start":{"line":228,"column":4},"end":{"line":231,"column":6}},"63":{"start":{"line":234,"column":15},"end":{"line":237,"column":3}},"64":{"start":{"line":240,"column":4},"end":{"line":240,"column":49}},"65":{"start":{"line":242,"column":2},"end":{"line":242,"column":51}},"66":{"start":{"line":244,"column":2},"end":{"line":247,"column":4}},"67":{"start":{"line":253,"column":0},"end":{"line":304,"column":1}},"68":{"start":{"line":254,"column":19},"end":{"line":254,"column":37}},"69":{"start":{"line":255,"column":23},"end":{"line":255,"column":45}},"70":{"start":{"line":257,"column":2},"end":{"line":263,"column":3}},"71":{"start":{"line":258,"column":4},"end":{"line":262,"column":6}},"72":{"start":{"line":266,"column":4},"end":{"line":266,"column":38}},"73":{"start":{"line":268,"column":2},"end":{"line":273,"column":3}},"74":{"start":{"line":269,"column":4},"end":{"line":272,"column":6}},"75":{"start":{"line":275,"column":23},"end":{"line":275,"column":43}},"76":{"start":{"line":277,"column":16},"end":{"line":277,"column":20}},"77":{"start":{"line":279,"column":2},"end":{"line":287,"column":3}},"78":{"start":{"line":280,"column":4},"end":{"line":281,"column":61}},"79":{"start":{"line":283,"column":4},"end":{"line":286,"column":6}},"80":{"start":{"line":289,"column":15},"end":{"line":295,"column":3}},"81":{"start":{"line":298,"column":4},"end":{"line":298,"column":54}},"82":{"start":{"line":300,"column":2},"end":{"line":303,"column":4}}},"fnMap":{"0":{"name":"(anonymous_0)","decl":{"start":{"line":21,"column":20},"end":{"line":21,"column":21}},"loc":{"start":{"line":21,"column":40},"end":{"line":99,"column":1}},"line":21},"1":{"name":"(anonymous_1)","decl":{"start":{"line":114,"column":15},"end":{"line":114,"column":16}},"loc":{"start":{"line":114,"column":35},"end":{"line":182,"column":1}},"line":114},"2":{"name":"(anonymous_2)","decl":{"start":{"line":200,"column":16},"end":{"line":200,"column":17}},"loc":{"start":{"line":200,"column":36},"end":{"line":248,"column":1}},"line":200},"3":{"name":"(anonymous_3)","decl":{"start":{"line":253,"column":18},"end":{"line":253,"column":19}},"loc":{"start":{"line":253,"column":38},"end":{"line":304,"column":1}},"line":253}},"branchMap":{"0":{"loc":{"start":{"line":26,"column":2},"end":{"line":32,"column":3}},"type":"if","locations":[{"start":{"line":26,"column":2},"end":{"line":32,"column":3}},{"start":{"line":26,"column":2},"end":{"line":32,"column":3}}],"line":26},"1":{"loc":{"start":{"line":26,"column":6},"end":{"line":26,"column":41}},"type":"binary-expr","locations":[{"start":{"line":26,"column":6},"end":{"line":26,"column":15}},{"start":{"line":26,"column":19},"end":{"line":26,"column":31}},{"start":{"line":26,"column":35},"end":{"line":26,"column":41}}],"line":26},"2":{"loc":{"start":{"line":37,"column":2},"end":{"line":42,"column":3}},"type":"if","locations":[{"start":{"line":37,"column":2},"end":{"line":42,"column":3}},{"start":{"line":37,"column":2},"end":{"line":42,"column":3}}],"line":37},"3":{"loc":{"start":{"line":65,"column":2},"end":{"line":70,"column":3}},"type":"if","locations":[{"start":{"line":65,"column":2},"end":{"line":70,"column":3}},{"start":{"line":65,"column":2},"end":{"line":70,"column":3}}],"line":65},"4":{"loc":{"start":{"line":65,"column":6},"end":{"line":65,"column":34}},"type":"binary-expr","locations":[{"start":{"line":65,"column":6},"end":{"line":65,"column":15}},{"start":{"line":65,"column":19},"end":{"line":65,"column":34}}],"line":65},"5":{"loc":{"start":{"line":76,"column":4},"end":{"line":80,"column":38}},"type":"binary-expr","locations":[{"start":{"line":76,"column":4},"end":{"line":76,"column":28}},{"start":{"line":77,"column":4},"end":{"line":77,"column":28}},{"start":{"line":78,"column":4},"end":{"line":78,"column":26}},{"start":{"line":79,"column":4},"end":{"line":79,"column":24}},{"start":{"line":80,"column":4},"end":{"line":80,"column":38}}],"line":76},"6":{"loc":{"start":{"line":82,"column":2},"end":{"line":88,"column":3}},"type":"if","locations":[{"start":{"line":82,"column":2},"end":{"line":88,"column":3}},{"start":{"line":82,"column":2},"end":{"line":88,"column":3}}],"line":82},"7":{"loc":{"start":{"line":119,"column":2},"end":{"line":126,"column":3}},"type":"if","locations":[{"start":{"line":119,"column":2},"end":{"line":126,"column":3}},{"start":{"line":119,"column":2},"end":{"line":126,"column":3}}],"line":119},"8":{"loc":{"start":{"line":119,"column":6},"end":{"line":120,"column":36}},"type":"binary-expr","locations":[{"start":{"line":119,"column":6},"end":{"line":119,"column":15}},{"start":{"line":119,"column":19},"end":{"line":119,"column":28}},{"start":{"line":119,"column":32},"end":{"line":119,"column":41}},{"start":{"line":120,"column":4},"end":{"line":120,"column":18}},{"start":{"line":120,"column":22},"end":{"line":120,"column":36}}],"line":119},"9":{"loc":{"start":{"line":131,"column":2},"end":{"line":136,"column":3}},"type":"if","locations":[{"start":{"line":131,"column":2},"end":{"line":136,"column":3}},{"start":{"line":131,"column":2},"end":{"line":136,"column":3}}],"line":131},"10":{"loc":{"start":{"line":143,"column":2},"end":{"line":177,"column":3}},"type":"if","locations":[{"start":{"line":143,"column":2},"end":{"line":177,"column":3}},{"start":{"line":143,"column":2},"end":{"line":177,"column":3}}],"line":143},"11":{"loc":{"start":{"line":145,"column":4},"end":{"line":176,"column":5}},"type":"switch","locations":[{"start":{"line":146,"column":6},"end":{"line":151,"column":13}},{"start":{"line":152,"column":6},"end":{"line":157,"column":13}},{"start":{"line":158,"column":6},"end":{"line":163,"column":13}},{"start":{"line":164,"column":6},"end":{"line":169,"column":13}},{"start":{"line":170,"column":6},"end":{"line":175,"column":13}}],"line":145},"12":{"loc":{"start":{"line":204,"column":2},"end":{"line":210,"column":3}},"type":"if","locations":[{"start":{"line":204,"column":2},"end":{"line":210,"column":3}},{"start":{"line":204,"column":2},"end":{"line":210,"column":3}}],"line":204},"13":{"loc":{"start":{"line":204,"column":6},"end":{"line":204,"column":37}},"type":"binary-expr","locations":[{"start":{"line":204,"column":6},"end":{"line":204,"column":15}},{"start":{"line":204,"column":19},"end":{"line":204,"column":37}}],"line":204},"14":{"loc":{"start":{"line":215,"column":2},"end":{"line":220,"column":3}},"type":"if","locations":[{"start":{"line":215,"column":2},"end":{"line":220,"column":3}},{"start":{"line":215,"column":2},"end":{"line":220,"column":3}}],"line":215},"15":{"loc":{"start":{"line":227,"column":2},"end":{"line":232,"column":3}},"type":"if","locations":[{"start":{"line":227,"column":2},"end":{"line":232,"column":3}},{"start":{"line":227,"column":2},"end":{"line":232,"column":3}}],"line":227},"16":{"loc":{"start":{"line":257,"column":2},"end":{"line":263,"column":3}},"type":"if","locations":[{"start":{"line":257,"column":2},"end":{"line":263,"column":3}},{"start":{"line":257,"column":2},"end":{"line":263,"column":3}}],"line":257},"17":{"loc":{"start":{"line":257,"column":6},"end":{"line":257,"column":32}},"type":"binary-expr","locations":[{"start":{"line":257,"column":6},"end":{"line":257,"column":15}},{"start":{"line":257,"column":19},"end":{"line":257,"column":32}}],"line":257},"18":{"loc":{"start":{"line":268,"column":2},"end":{"line":273,"column":3}},"type":"if","locations":[{"start":{"line":268,"column":2},"end":{"line":273,"column":3}},{"start":{"line":268,"column":2},"end":{"line":273,"column":3}}],"line":268}},"s":{"0":5,"1":5,"2":5,"3":5,"4":5,"5":6,"6":6,"7":6,"8":6,"9":1,"10":5,"11":5,"12":2,"13":3,"14":3,"15":3,"16":3,"17":3,"18":3,"19":1,"20":2,"21":0,"22":2,"23":2,"24":1,"25":1,"26":1,"27":5,"28":9,"29":9,"30":9,"31":9,"32":1,"33":8,"34":8,"35":2,"36":6,"37":6,"38":6,"39":5,"40":1,"41":0,"42":1,"43":0,"44":1,"45":0,"46":1,"47":0,"48":1,"49":0,"50":1,"51":5,"52":5,"53":5,"54":5,"55":1,"56":4,"57":4,"58":2,"59":2,"60":2,"61":2,"62":1,"63":1,"64":1,"65":1,"66":1,"67":5,"68":4,"69":4,"70":4,"71":1,"72":3,"73":3,"74":2,"75":1,"76":1,"77":1,"78":1,"79":1,"80":0,"81":0,"82":0},"f":{"0":6,"1":9,"2":5,"3":4},"b":{"0":[1,5],"1":[6,5,5],"2":[2,3],"3":[0,2],"4":[2,2],"5":[2,2,2,2,2],"6":[1,1],"7":[1,8],"8":[9,8,8,8,8],"9":[2,6],"10":[5,1],"11":[1,1,1,1,1],"12":[1,4],"13":[5,4],"14":[2,2],"15":[1,1],"16":[1,3],"17":[4,3],"18":[2,1]},"_coverageSchema":"43e27e138ebf9cfc5966b082cf9a028302ed4184","hash":"2cde3911b5096bcd2925bebe64726747a8ac92b4"}
,"/Users/delton/AWI/awi-auth-back/src/token.js": {"path":"/Users/delton/AWI/awi-auth-back/src/token.js","statementMap":{"0":{"start":{"line":1,"column":12},"end":{"line":1,"column":35}},"1":{"start":{"line":16,"column":15},"end":{"line":16,"column":53}},"2":{"start":{"line":23,"column":2},"end":{"line":31,"column":4}},"3":{"start":{"line":24,"column":4},"end":{"line":30,"column":6}},"4":{"start":{"line":25,"column":6},"end":{"line":27,"column":7}},"5":{"start":{"line":26,"column":8},"end":{"line":26,"column":26}},"6":{"start":{"line":29,"column":6},"end":{"line":29,"column":27}},"7":{"start":{"line":38,"column":0},"end":{"line":51,"column":1}},"8":{"start":{"line":39,"column":2},"end":{"line":50,"column":4}},"9":{"start":{"line":40,"column":4},"end":{"line":49,"column":6}},"10":{"start":{"line":44,"column":6},"end":{"line":46,"column":7}},"11":{"start":{"line":45,"column":8},"end":{"line":45,"column":26}},"12":{"start":{"line":48,"column":6},"end":{"line":48,"column":29}},"13":{"start":{"line":56,"column":0},"end":{"line":64,"column":1}},"14":{"start":{"line":57,"column":21},"end":{"line":61,"column":3}},"15":{"start":{"line":63,"column":2},"end":{"line":63,"column":45}},"16":{"start":{"line":69,"column":0},"end":{"line":77,"column":1}},"17":{"start":{"line":70,"column":21},"end":{"line":74,"column":3}},"18":{"start":{"line":76,"column":2},"end":{"line":76,"column":45}},"19":{"start":{"line":82,"column":0},"end":{"line":89,"column":1}},"20":{"start":{"line":83,"column":2},"end":{"line":88,"column":3}}},"fnMap":{"0":{"name":"sign","decl":{"start":{"line":22,"column":9},"end":{"line":22,"column":13}},"loc":{"start":{"line":22,"column":47},"end":{"line":32,"column":1}},"line":22},"1":{"name":"(anonymous_1)","decl":{"start":{"line":23,"column":21},"end":{"line":23,"column":22}},"loc":{"start":{"line":23,"column":42},"end":{"line":31,"column":3}},"line":23},"2":{"name":"(anonymous_2)","decl":{"start":{"line":24,"column":45},"end":{"line":24,"column":46}},"loc":{"start":{"line":24,"column":61},"end":{"line":30,"column":5}},"line":24},"3":{"name":"(anonymous_3)","decl":{"start":{"line":38,"column":22},"end":{"line":38,"column":23}},"loc":{"start":{"line":38,"column":63},"end":{"line":51,"column":1}},"line":38},"4":{"name":"(anonymous_4)","decl":{"start":{"line":39,"column":21},"end":{"line":39,"column":22}},"loc":{"start":{"line":39,"column":42},"end":{"line":50,"column":3}},"line":39},"5":{"name":"(anonymous_5)","decl":{"start":{"line":43,"column":7},"end":{"line":43,"column":8}},"loc":{"start":{"line":43,"column":25},"end":{"line":49,"column":5}},"line":43},"6":{"name":"(anonymous_6)","decl":{"start":{"line":56,"column":25},"end":{"line":56,"column":26}},"loc":{"start":{"line":56,"column":65},"end":{"line":64,"column":1}},"line":56},"7":{"name":"(anonymous_7)","decl":{"start":{"line":69,"column":26},"end":{"line":69,"column":27}},"loc":{"start":{"line":69,"column":66},"end":{"line":77,"column":1}},"line":69},"8":{"name":"(anonymous_8)","decl":{"start":{"line":82,"column":20},"end":{"line":82,"column":21}},"loc":{"start":{"line":82,"column":60},"end":{"line":89,"column":1}},"line":82}},"branchMap":{"0":{"loc":{"start":{"line":25,"column":6},"end":{"line":27,"column":7}},"type":"if","locations":[{"start":{"line":25,"column":6},"end":{"line":27,"column":7}},{"start":{"line":25,"column":6},"end":{"line":27,"column":7}}],"line":25},"1":{"loc":{"start":{"line":44,"column":6},"end":{"line":46,"column":7}},"type":"if","locations":[{"start":{"line":44,"column":6},"end":{"line":46,"column":7}},{"start":{"line":44,"column":6},"end":{"line":46,"column":7}}],"line":44}},"s":{"0":5,"1":5,"2":2,"3":2,"4":2,"5":0,"6":2,"7":5,"8":1,"9":1,"10":1,"11":1,"12":0,"13":5,"14":1,"15":1,"16":5,"17":1,"18":1,"19":5,"20":1},"f":{"0":2,"1":2,"2":2,"3":1,"4":1,"5":1,"6":1,"7":1,"8":1},"b":{"0":[0,2],"1":[1,0]},"_coverageSchema":"43e27e138ebf9cfc5966b082cf9a028302ed4184","hash":"0613bc0927f994f4127097f140c3141a3139bf58"}
,"/Users/delton/AWI/awi-auth-back/src/util.js": {"path":"/Users/delton/AWI/awi-auth-back/src/util.js","statementMap":{"0":{"start":{"line":7,"column":0},"end":{"line":9,"column":1}},"1":{"start":{"line":8,"column":2},"end":{"line":8,"column":39}},"2":{"start":{"line":11,"column":0},"end":{"line":13,"column":1}},"3":{"start":{"line":12,"column":2},"end":{"line":12,"column":38}},"4":{"start":{"line":15,"column":0},"end":{"line":17,"column":1}},"5":{"start":{"line":16,"column":2},"end":{"line":16,"column":38}},"6":{"start":{"line":19,"column":0},"end":{"line":21,"column":1}},"7":{"start":{"line":20,"column":2},"end":{"line":20,"column":39}}},"fnMap":{"0":{"name":"(anonymous_0)","decl":{"start":{"line":7,"column":23},"end":{"line":7,"column":24}},"loc":{"start":{"line":7,"column":29},"end":{"line":9,"column":1}},"line":7},"1":{"name":"(anonymous_1)","decl":{"start":{"line":11,"column":21},"end":{"line":11,"column":22}},"loc":{"start":{"line":11,"column":27},"end":{"line":13,"column":1}},"line":11},"2":{"name":"(anonymous_2)","decl":{"start":{"line":15,"column":24},"end":{"line":15,"column":25}},"loc":{"start":{"line":15,"column":30},"end":{"line":17,"column":1}},"line":15},"3":{"name":"(anonymous_3)","decl":{"start":{"line":19,"column":17},"end":{"line":19,"column":18}},"loc":{"start":{"line":19,"column":23},"end":{"line":21,"column":1}},"line":19}},"branchMap":{},"s":{"0":9,"1":15,"2":9,"3":5,"4":9,"5":10,"6":9,"7":5},"f":{"0":15,"1":5,"2":10,"3":5},"b":{},"_coverageSchema":"43e27e138ebf9cfc5966b082cf9a028302ed4184","hash":"792d4fa3241a0695c95e9fe2a4e80501b6dab6a2"}
}
