TN:
SF:/Users/delton/AWI/awi-auth-back/src/actionAuth.js
FN:15,(anonymous_0)
FN:35,(anonymous_1)
FN:56,(anonymous_2)
FN:78,(anonymous_3)
FN:97,(anonymous_4)
FN:98,(anonymous_5)
FN:120,(anonymous_6)
FN:128,(anonymous_7)
FN:139,(anonymous_8)
FNF:9
FNH:0
FNDA:0,(anonymous_0)
FNDA:0,(anonymous_1)
FNDA:0,(anonymous_2)
FNDA:0,(anonymous_3)
FNDA:0,(anonymous_4)
FNDA:0,(anonymous_5)
FNDA:0,(anonymous_6)
FNDA:0,(anonymous_7)
FNDA:0,(anonymous_8)
DA:1,5
DA:3,5
DA:7,5
DA:8,5
DA:9,5
DA:15,5
DA:16,0
DA:22,0
DA:24,0
DA:25,0
DA:28,0
DA:35,5
DA:36,0
DA:43,0
DA:45,0
DA:46,0
DA:49,0
DA:56,5
DA:57,0
DA:62,0
DA:71,0
DA:78,5
DA:79,0
DA:85,0
DA:97,5
DA:98,0
DA:99,0
DA:102,0
DA:104,0
DA:105,0
DA:109,0
DA:110,0
DA:111,0
DA:118,0
DA:120,0
DA:121,0
DA:128,0
DA:129,0
DA:139,0
DA:140,0
DA:141,0
DA:142,0
DA:149,0
DA:156,0
DA:157,0
DA:164,0
DA:165,0
DA:173,0
DA:175,0
LF:49
LH:10
BRDA:24,0,0,0
BRDA:24,0,1,0
BRDA:45,1,0,0
BRDA:45,1,1,0
BRDA:104,2,0,0
BRDA:104,2,1,0
BRDA:105,3,0,0
BRDA:105,3,1,0
BRDA:105,4,0,0
BRDA:105,4,1,0
BRDA:105,4,2,0
BRDA:105,4,3,0
BRDA:105,4,4,0
BRDA:105,4,5,0
BRDA:105,4,6,0
BRDA:140,5,0,0
BRDA:140,5,1,0
BRDA:141,6,0,0
BRDA:141,6,1,0
BRDA:156,7,0,0
BRDA:156,7,1,0
BRDA:156,8,0,0
BRDA:156,8,1,0
BRF:23
BRH:0
end_of_record
TN:
SF:/Users/delton/AWI/awi-auth-back/src/app.js
FN:37,(anonymous_0)
FN:44,(anonymous_1)
FN:45,(anonymous_2)
FN:53,(anonymous_3)
FN:60,(anonymous_4)
FNF:5
FNH:4
FNDA:1,(anonymous_0)
FNDA:20,(anonymous_1)
FNDA:24,(anonymous_2)
FNDA:5,(anonymous_3)
FNDA:0,(anonymous_4)
DA:1,5
DA:2,5
DA:3,5
DA:4,5
DA:5,5
DA:7,5
DA:8,5
DA:9,5
DA:12,5
DA:16,5
DA:17,0
DA:20,5
DA:21,5
DA:27,5
DA:28,5
DA:31,5
DA:32,5
DA:37,5
DA:38,1
DA:44,5
DA:45,20
DA:46,24
DA:48,5
DA:49,5
DA:50,5
DA:51,5
DA:53,5
DA:54,5
DA:60,5
DA:61,0
DA:63,0
DA:69,5
LF:32
LH:29
BRDA:16,0,0,0
BRDA:16,0,1,5
BRDA:20,1,0,5
BRDA:20,1,1,0
BRF:4
BRH:2
end_of_record
TN:
SF:/Users/delton/AWI/awi-auth-back/src/db.js
FN:20,(anonymous_0)
FNF:1
FNH:0
FNDA:0,(anonymous_0)
DA:1,5
DA:2,5
DA:4,5
DA:6,5
DA:7,0
DA:11,5
DA:20,5
DA:21,0
DA:24,5
LF:9
LH:7
BRDA:6,0,0,0
BRDA:6,0,1,5
BRDA:6,1,0,5
BRDA:6,1,1,5
BRF:4
BRH:3
end_of_record
TN:
SF:/Users/delton/AWI/awi-auth-back/src/errcode.js
FNF:0
FNH:0
DA:2,9
LF:1
LH:1
BRF:0
BRH:0
end_of_record
TN:
SF:/Users/delton/AWI/awi-auth-back/src/ldap.js
FN:9,(anonymous_0)
FNF:1
FNH:0
FNDA:0,(anonymous_0)
DA:1,5
DA:5,5
DA:6,5
DA:7,5
DA:9,5
DA:10,0
DA:17,5
LF:7
LH:6
BRF:0
BRH:0
end_of_record
TN:
SF:/Users/delton/AWI/awi-auth-back/src/logger.js
FN:17,(anonymous_0)
FN:30,(anonymous_1)
FN:50,(anonymous_2)
FNF:3
FNH:2
FNDA:30,(anonymous_0)
FNDA:0,(anonymous_1)
FNDA:30,(anonymous_2)
DA:5,5
DA:11,5
DA:13,5
DA:18,30
DA:26,5
DA:31,0
DA:40,5
DA:41,5
DA:42,0
DA:43,5
DA:44,0
DA:46,5
DA:49,5
DA:51,30
DA:55,5
LF:15
LH:12
BRDA:41,0,0,0
BRDA:41,0,1,5
BRDA:43,1,0,0
BRDA:43,1,1,5
BRDA:43,2,0,5
BRDA:43,2,1,5
BRF:6
BRH:4
end_of_record
TN:
SF:/Users/delton/AWI/awi-auth-back/src/mockAuth.js
FN:54,(anonymous_0)
FN:55,(anonymous_1)
FNF:2
FNH:0
FNDA:0,(anonymous_0)
FNDA:0,(anonymous_1)
DA:2,5
DA:54,5
DA:55,0
DA:56,0
DA:60,0
DA:61,0
LF:6
LH:2
BRDA:56,0,0,0
BRDA:56,0,1,0
BRDA:60,1,0,0
BRDA:60,1,1,0
BRF:4
BRH:0
end_of_record
TN:
SF:/Users/delton/AWI/awi-auth-back/src/routeAuth.js
FN:21,(anonymous_0)
FN:114,(anonymous_1)
FN:200,(anonymous_2)
FN:253,(anonymous_3)
FNF:4
FNH:4
FNDA:6,(anonymous_0)
FNDA:9,(anonymous_1)
FNDA:5,(anonymous_2)
FNDA:4,(anonymous_3)
DA:1,5
DA:3,5
DA:5,5
DA:10,5
DA:21,5
DA:22,6
DA:23,6
DA:24,6
DA:26,6
DA:27,1
DA:35,5
DA:37,5
DA:38,2
DA:45,3
DA:48,3
DA:52,3
DA:54,3
DA:55,3
DA:56,3
DA:58,1
DA:65,2
DA:66,0
DA:76,2
DA:82,2
DA:83,1
DA:92,1
DA:98,1
DA:114,5
DA:115,9
DA:116,9
DA:117,9
DA:119,9
DA:121,1
DA:129,8
DA:131,8
DA:132,2
DA:138,6
DA:141,6
DA:143,6
DA:145,5
DA:147,1
DA:151,0
DA:153,1
DA:157,0
DA:159,1
DA:163,0
DA:165,1
DA:169,0
DA:171,1
DA:175,0
DA:179,1
DA:200,5
DA:201,5
DA:202,5
DA:204,5
DA:205,1
DA:213,4
DA:215,4
DA:216,2
DA:222,2
DA:225,2
DA:227,2
DA:228,1
DA:234,1
DA:240,1
DA:242,1
DA:244,1
DA:253,5
DA:254,4
DA:255,4
DA:257,4
DA:258,1
DA:266,3
DA:268,3
DA:269,2
DA:275,1
DA:277,1
DA:279,1
DA:280,1
DA:283,1
DA:289,0
DA:298,0
DA:300,0
LF:83
LH:74
BRDA:26,0,0,1
BRDA:26,0,1,5
BRDA:26,1,0,6
BRDA:26,1,1,5
BRDA:26,1,2,5
BRDA:37,2,0,2
BRDA:37,2,1,3
BRDA:65,3,0,0
BRDA:65,3,1,2
BRDA:65,4,0,2
BRDA:65,4,1,2
BRDA:76,5,0,2
BRDA:76,5,1,2
BRDA:76,5,2,2
BRDA:76,5,3,2
BRDA:76,5,4,2
BRDA:82,6,0,1
BRDA:82,6,1,1
BRDA:119,7,0,1
BRDA:119,7,1,8
BRDA:119,8,0,9
BRDA:119,8,1,8
BRDA:119,8,2,8
BRDA:119,8,3,8
BRDA:119,8,4,8
BRDA:131,9,0,2
BRDA:131,9,1,6
BRDA:143,10,0,5
BRDA:143,10,1,1
BRDA:145,11,0,1
BRDA:145,11,1,1
BRDA:145,11,2,1
BRDA:145,11,3,1
BRDA:145,11,4,1
BRDA:204,12,0,1
BRDA:204,12,1,4
BRDA:204,13,0,5
BRDA:204,13,1,4
BRDA:215,14,0,2
BRDA:215,14,1,2
BRDA:227,15,0,1
BRDA:227,15,1,1
BRDA:257,16,0,1
BRDA:257,16,1,3
BRDA:257,17,0,4
BRDA:257,17,1,3
BRDA:268,18,0,2
BRDA:268,18,1,1
BRF:48
BRH:47
end_of_record
TN:
SF:/Users/delton/AWI/awi-auth-back/src/token.js
FN:22,sign
FN:23,(anonymous_1)
FN:24,(anonymous_2)
FN:38,(anonymous_3)
FN:39,(anonymous_4)
FN:43,(anonymous_5)
FN:56,(anonymous_6)
FN:69,(anonymous_7)
FN:82,(anonymous_8)
FNF:9
FNH:9
FNDA:2,sign
FNDA:2,(anonymous_1)
FNDA:2,(anonymous_2)
FNDA:1,(anonymous_3)
FNDA:1,(anonymous_4)
FNDA:1,(anonymous_5)
FNDA:1,(anonymous_6)
FNDA:1,(anonymous_7)
FNDA:1,(anonymous_8)
DA:1,5
DA:16,5
DA:23,2
DA:24,2
DA:25,2
DA:26,0
DA:29,2
DA:38,5
DA:39,1
DA:40,1
DA:44,1
DA:45,1
DA:48,0
DA:56,5
DA:57,1
DA:63,1
DA:69,5
DA:70,1
DA:76,1
DA:82,5
DA:83,1
LF:21
LH:19
BRDA:25,0,0,0
BRDA:25,0,1,2
BRDA:44,1,0,1
BRDA:44,1,1,0
BRF:4
BRH:2
end_of_record
TN:
SF:/Users/delton/AWI/awi-auth-back/src/util.js
FN:7,(anonymous_0)
FN:11,(anonymous_1)
FN:15,(anonymous_2)
FN:19,(anonymous_3)
FNF:4
FNH:4
FNDA:15,(anonymous_0)
FNDA:5,(anonymous_1)
FNDA:10,(anonymous_2)
FNDA:5,(anonymous_3)
DA:7,9
DA:8,15
DA:11,9
DA:12,5
DA:15,9
DA:16,10
DA:19,9
DA:20,5
LF:8
LH:8
BRF:0
BRH:0
end_of_record
